<?xml version="1.0" encoding="UTF-8"?>
<!-- Generated by org.testng.reporters.JUnitXMLReporter -->
<testsuite hostname="SaleJul" ignored="0" name="Surefire test" tests="1" failures="1" timestamp="2020-01-25T14:13:56 CET" time="22.84" errors="0">
  <testcase name="loginTest" time="22.716" classname="com.herokuapp.theinternet.PositiveTests">
    <failure type="java.lang.AssertionError" message="Actual page url is not the same as expected expected [http://the-internet.herokuap.com/secure] but found [http://the-internet.herokuapp.com/secure]">
      <![CDATA[java.lang.AssertionError: Actual page url is not the same as expected expected [http://the-internet.herokuap.com/secure] but found [http://the-internet.herokuapp.com/secure]
at com.herokuapp.theinternet.PositiveTests.loginTest(PositiveTests.java:49)
at java.util.ArrayList.forEach(ArrayList.java:1257)
... Removed 36 stack frames]]>
    </failure>
  </testcase> <!-- loginTest -->
</testsuite> <!-- Surefire test -->
