<?xml version="1.0" encoding="UTF-8"?>
<!-- Generated by org.testng.reporters.JUnitXMLReporter -->
<testsuite hostname="SaleJul" ignored="1" name="Default test" tests="1" failures="0" timestamp="2020-01-26T15:48:58 CET" time="30.838" errors="0">
  <testcase name="incorrectPasswordTest" time="30.578" classname="com.herokuapp.theinternet.NegativeTests"/>
  <testcase name="incorrectUsernameTest" time="0.0" classname="com.herokuapp.theinternet.NegativeTests">
    <ignored/>
  </testcase> <!-- incorrectUsernameTest -->
</testsuite> <!-- Default test -->
