<?xml version="1.0" encoding="UTF-8"?>
<!-- Generated by org.testng.reporters.JUnitXMLReporter -->
<testsuite hostname="SaleJul" ignored="0" name="NegativeTests" tests="2" failures="0" timestamp="2020-01-26T16:30:16 CET" time="54.92" errors="0">
  <testcase name="incorrectPasswordTest" time="20.333" classname="com.herokuapp.theinternet.NegativeTests"/>
  <testcase name="incorrectUsernameTest" time="34.568" classname="com.herokuapp.theinternet.NegativeTests"/>
</testsuite> <!-- NegativeTests -->
