-------------------------------------------------------------------------------
Test set: com.herokuapp.theinternet.PositiveTests
-------------------------------------------------------------------------------
Tests run: 1, Failures: 1, Errors: 0, Skipped: 0, Time elapsed: 24.743 s <<< FAILURE! - in com.herokuapp.theinternet.PositiveTests
com.herokuapp.theinternet.PositiveTests.loginTest  Time elapsed: 22.735 s  <<< FAILURE!
java.lang.AssertionError: Actual page url is not the same as expected expected [http://the-internet.herokuap.com/secure] but found [http://the-internet.herokuapp.com/secure]
	at com.herokuapp.theinternet.PositiveTests.loginTest(PositiveTests.java:49)

