<?xml version="1.0" encoding="UTF-8"?>
<testsuite xmlns:xsi="http://www.w3.org/2001/XMLSchema-instance" xsi:noNamespaceSchemaLocation="https://maven.apache.org/surefire/maven-surefire-plugin/xsd/surefire-test-report-3.0.xsd" version="3.0" name="com.herokuapp.theinternet.PositiveTests" time="24.743" tests="1" errors="0" skipped="0" failures="1">
  <properties>
[...]
</properties>
  <testcase name="loginTest" classname="com.herokuapp.theinternet.PositiveTests" time="22.735">
    <failure message="Actual page url is not the same as expected expected [http://the-internet.herokuap.com/secure] but found [http://the-internet.herokuapp.com/secure]" type="java.lang.AssertionError"><![CDATA[java.lang.AssertionError: Actual page url is not the same as expected expected [http://the-internet.herokuap.com/secure] but found [http://the-internet.herokuapp.com/secure]
	at com.herokuapp.theinternet.PositiveTests.loginTest(PositiveTests.java:49)
]]></failure>
    <system-out><![CDATA[Starting loginTest
Page is opened.
]]></system-out>
    <system-err><![CDATA[Starting ChromeDriver 79.0.3945.36 (3582db32b33893869b8c1339e8f4d9ed1816f143-refs/branch-heads/3945@{#614}) on port 26191
Only local connections are allowed.
Please protect ports used by ChromeDriver and related test frameworks to prevent access by malicious code.
[1579958019.977][WARNING]: Timed out connecting to Chrome, retrying...
Jan 25, 2020 2:13:42 PM org.openqa.selenium.remote.ProtocolHandshake createSession
INFO: Detected dialect: W3C
[1579958027.250][WARNING]: Timed out connecting to Chrome, retrying...
]]></system-err>
  </testcase>
</testsuite>