<?xml version="1.0" encoding="UTF-8"?>
<testng-results skipped="0" failed="0" ignored="0" total="3" passed="3">
  <reporter-output>
  </reporter-output>
  <suite name="AllTests" duration-ms="80156" started-at="2020-01-26T16:28:56 CET" finished-at="2020-01-26T16:30:16 CET">
    <groups>
    </groups>
    <test name="PositiveTests" duration-ms="24968" started-at="2020-01-26T16:28:56 CET" finished-at="2020-01-26T16:29:21 CET">
      <class name="com.herokuapp.theinternet.PositiveTests">
        <test-method status="PASS" signature="loginTest()[pri:0, instance:com.herokuapp.theinternet.PositiveTests@50b494a6]" name="loginTest" duration-ms="24852" started-at="2020-01-26T16:28:56 CET" finished-at="2020-01-26T16:29:21 CET">
          <reporter-output>
          </reporter-output>
        </test-method> <!-- loginTest -->
      </class> <!-- com.herokuapp.theinternet.PositiveTests -->
    </test> <!-- PositiveTests -->
    <test name="NegativeTests" duration-ms="54920" started-at="2020-01-26T16:29:21 CET" finished-at="2020-01-26T16:30:16 CET">
      <class name="com.herokuapp.theinternet.NegativeTests">
        <test-method status="PASS" signature="incorrectPasswordTest()[pri:0, instance:com.herokuapp.theinternet.NegativeTests@71bbf57e]" name="incorrectPasswordTest" duration-ms="20333" started-at="2020-01-26T16:29:21 CET" finished-at="2020-01-26T16:29:41 CET">
          <reporter-output>
          </reporter-output>
        </test-method> <!-- incorrectPasswordTest -->
        <test-method status="PASS" signature="incorrectUsernameTest()[pri:0, instance:com.herokuapp.theinternet.NegativeTests@71bbf57e]" name="incorrectUsernameTest" duration-ms="34568" started-at="2020-01-26T16:29:41 CET" finished-at="2020-01-26T16:30:16 CET">
          <reporter-output>
          </reporter-output>
        </test-method> <!-- incorrectUsernameTest -->
      </class> <!-- com.herokuapp.theinternet.NegativeTests -->
    </test> <!-- NegativeTests -->
  </suite> <!-- AllTests -->
</testng-results>
