<?xml version="1.0" encoding="UTF-8"?>
<testng-results skipped="0" failed="0" ignored="1" total="2" passed="1">
  <reporter-output>
  </reporter-output>
  <suite name="Default suite" duration-ms="30838" started-at="2020-01-26T15:48:27 CET" finished-at="2020-01-26T15:48:58 CET">
    <groups>
    </groups>
    <test name="Default test" duration-ms="30838" started-at="2020-01-26T15:48:27 CET" finished-at="2020-01-26T15:48:58 CET">
      <class name="com.herokuapp.theinternet.NegativeTests">
        <test-method status="PASS" signature="incorrectPasswordTest()[pri:0, instance:com.herokuapp.theinternet.NegativeTests@32709393]" name="incorrectPasswordTest" duration-ms="30578" started-at="2020-01-26T15:48:27 CET" finished-at="2020-01-26T15:48:58 CET">
          <reporter-output>
          </reporter-output>
        </test-method> <!-- incorrectPasswordTest -->
      </class> <!-- com.herokuapp.theinternet.NegativeTests -->
    </test> <!-- Default test -->
  </suite> <!-- Default suite -->
</testng-results>
